[debug] [2025-08-05T06:01:11.213Z] ----------------------------------------------------------------------
[debug] [2025-08-05T06:01:11.216Z] Command:       C:\Program Files\nodejs\node.exe C:\Users\Az\AppData\Roaming\npm\node_modules\firebase-tools\lib\bin\firebase.js init
[debug] [2025-08-05T06:01:11.217Z] CLI Version:   14.11.2
[debug] [2025-08-05T06:01:11.217Z] Platform:      win32
[debug] [2025-08-05T06:01:11.217Z] Node Version:  v22.17.1
[debug] [2025-08-05T06:01:11.217Z] Time:          Tue Aug 05 2025 11:31:11 GMT+0530 (India Standard Time)
[debug] [2025-08-05T06:01:11.218Z] ----------------------------------------------------------------------
[debug] 
[debug] [2025-08-05T06:01:11.225Z] > command requires scopes: ["email","openid","https://www.googleapis.com/auth/cloudplatformprojects.readonly","https://www.googleapis.com/auth/firebase","https://www.googleapis.com/auth/cloud-platform"]
[debug] [2025-08-05T06:01:11.225Z] > authorizing via signed-in user (vinaysriramgavara9@gmail.com)
[info] 
     ######## #### ########  ######## ########     ###     ######  ########
     ##        ##  ##     ## ##       ##     ##  ##   ##  ##       ##
     ######    ##  ########  ######   ########  #########  ######  ######
     ##        ##  ##    ##  ##       ##     ## ##     ##       ## ##
     ##       #### ##     ## ######## ########  ##     ##  ######  ########

You're about to initialize a Firebase project in this directory:

  C:\React\Accelize\backend

Before we get started, keep in mind:

  * You are currently outside your home directory

[info] 
=== Project Setup
[info] 
[info] First, let's associate this project directory with a Firebase project.
[info] You can create multiple project aliases by running firebase use --add, 
[info] but for now we'll just set up a default project.
[info] 
[debug] [2025-08-05T06:01:37.413Z] Checked if tokens are valid: true, expires at: 1754376884355
[debug] [2025-08-05T06:01:37.413Z] Checked if tokens are valid: true, expires at: 1754376884355
[debug] [2025-08-05T06:01:37.416Z] >>> [apiv2][query] GET https://firebase.googleapis.com/v1beta1/projects pageSize=100
[debug] [2025-08-05T06:01:38.116Z] <<< [apiv2][status] GET https://firebase.googleapis.com/v1beta1/projects 200
[debug] [2025-08-05T06:01:38.117Z] <<< [apiv2][body] GET https://firebase.googleapis.com/v1beta1/projects [omitted]
[info] i  Using project bill-stack-be (Bill-Stack-BE) 
[info] 
=== Hosting Setup
[debug] [2025-08-05T06:01:40.095Z] Checked if tokens are valid: true, expires at: 1754376884355
[debug] [2025-08-05T06:01:40.095Z] Checked if tokens are valid: true, expires at: 1754376884355
[debug] [2025-08-05T06:01:40.095Z] >>> [apiv2][query] GET https://firebase.googleapis.com/v1beta1/projects/bill-stack-be [none]
[debug] [2025-08-05T06:01:40.487Z] <<< [apiv2][status] GET https://firebase.googleapis.com/v1beta1/projects/bill-stack-be 200
[debug] [2025-08-05T06:01:40.487Z] <<< [apiv2][body] GET https://firebase.googleapis.com/v1beta1/projects/bill-stack-be {"projectId":"bill-stack-be","projectNumber":"660327744568","displayName":"Bill-Stack-BE","name":"projects/bill-stack-be","resources":{"hostingSite":"bill-stack-be"},"state":"ACTIVE","etag":"1_9de9d052-eac0-4b50-8737-27e0b4e506f5"}
[info] 
[info] Your public directory is the folder (relative to your project directory) that
[info] will contain Hosting assets to be uploaded with firebase deploy. If you
[info] have a build process for your assets, use your build's output directory.
[info] 
[debug] [2025-08-05T06:02:52.653Z] Error: EPERM: operation not permitted, open 'C:\404.html'
    at Object.writeFileSync (node:fs:2425:20)
    at Object.createFileSync (C:\Users\Az\AppData\Roaming\npm\node_modules\firebase-tools\node_modules\fs-extra\lib\ensure\file.js:63:6)
    at Config.writeProjectFile (C:\Users\Az\AppData\Roaming\npm\node_modules\firebase-tools\lib\config.js:160:12)
    at Config.askWriteProjectFile (C:\Users\Az\AppData\Roaming\npm\node_modules\firebase-tools\lib\config.js:208:14)
    at async Object.doSetup (C:\Users\Az\AppData\Roaming\npm\node_modules\firebase-tools\lib\init\features\hosting\index.js:153:13)
    at async init (C:\Users\Az\AppData\Roaming\npm\node_modules\firebase-tools\lib\init\index.js:62:13)
    at async Command.initAction [as actionFn] (C:\Users\Az\AppData\Roaming\npm\node_modules\firebase-tools\lib\commands\init.js:205:5)
[error] 
[error] Error: An unexpected error has occurred.
[debug] [2025-08-05T06:02:58.311Z] ----------------------------------------------------------------------
[debug] [2025-08-05T06:02:58.314Z] Command:       C:\Program Files\nodejs\node.exe C:\Users\Az\AppData\Roaming\npm\node_modules\firebase-tools\lib\bin\firebase.js init
[debug] [2025-08-05T06:02:58.314Z] CLI Version:   14.11.2
[debug] [2025-08-05T06:02:58.314Z] Platform:      win32
[debug] [2025-08-05T06:02:58.314Z] Node Version:  v22.17.1
[debug] [2025-08-05T06:02:58.315Z] Time:          Tue Aug 05 2025 11:32:58 GMT+0530 (India Standard Time)
[debug] [2025-08-05T06:02:58.315Z] ----------------------------------------------------------------------
[debug] 
[debug] [2025-08-05T06:02:58.320Z] > command requires scopes: ["email","openid","https://www.googleapis.com/auth/cloudplatformprojects.readonly","https://www.googleapis.com/auth/firebase","https://www.googleapis.com/auth/cloud-platform"]
[debug] [2025-08-05T06:02:58.321Z] > authorizing via signed-in user (vinaysriramgavara9@gmail.com)
[info] 
     ######## #### ########  ######## ########     ###     ######  ########
     ##        ##  ##     ## ##       ##     ##  ##   ##  ##       ##
     ######    ##  ########  ######   ########  #########  ######  ######
     ##        ##  ##    ##  ##       ##     ## ##     ##       ## ##
     ##       #### ##     ## ######## ########  ##     ##  ######  ########

You're about to initialize a Firebase project in this directory:

  C:\React\Accelize\backend

Before we get started, keep in mind:

  * You are currently outside your home directory

[info] 
=== Project Setup
[info] 
[info] First, let's associate this project directory with a Firebase project.
[info] You can create multiple project aliases by running firebase use --add, 
[info] but for now we'll just set up a default project.
[info] 
[debug] [2025-08-05T06:03:12.850Z] Checked if tokens are valid: true, expires at: 1754376884355
[debug] [2025-08-05T06:03:12.850Z] Checked if tokens are valid: true, expires at: 1754376884355
[debug] [2025-08-05T06:03:12.853Z] >>> [apiv2][query] GET https://firebase.googleapis.com/v1beta1/projects pageSize=100
[debug] [2025-08-05T06:03:13.844Z] <<< [apiv2][status] GET https://firebase.googleapis.com/v1beta1/projects 200
[debug] [2025-08-05T06:03:13.844Z] <<< [apiv2][body] GET https://firebase.googleapis.com/v1beta1/projects [omitted]
[info] i  Using project bill-stack-be (Bill-Stack-BE) 
[info] 
=== Hosting Setup
[debug] [2025-08-05T06:03:15.397Z] Checked if tokens are valid: true, expires at: 1754376884355
[debug] [2025-08-05T06:03:15.397Z] Checked if tokens are valid: true, expires at: 1754376884355
[debug] [2025-08-05T06:03:15.398Z] >>> [apiv2][query] GET https://firebase.googleapis.com/v1beta1/projects/bill-stack-be [none]
[debug] [2025-08-05T06:03:15.762Z] <<< [apiv2][status] GET https://firebase.googleapis.com/v1beta1/projects/bill-stack-be 200
[debug] [2025-08-05T06:03:15.763Z] <<< [apiv2][body] GET https://firebase.googleapis.com/v1beta1/projects/bill-stack-be {"projectId":"bill-stack-be","projectNumber":"660327744568","displayName":"Bill-Stack-BE","name":"projects/bill-stack-be","resources":{"hostingSite":"bill-stack-be"},"state":"ACTIVE","etag":"1_9de9d052-eac0-4b50-8737-27e0b4e506f5"}
[info] 
[info] Your public directory is the folder (relative to your project directory) that
[info] will contain Hosting assets to be uploaded with firebase deploy. If you
[info] have a build process for your assets, use your build's output directory.
[info] 
[debug] [2025-08-05T06:03:31.063Z] Error: ENOTDIR: not a directory, scandir 'C:\React\Accelize\backend\index.js'
    at Object.readdirSync (node:fs:1583:26)
    at Object.createFileSync (C:\Users\Az\AppData\Roaming\npm\node_modules\firebase-tools\node_modules\fs-extra\lib\ensure\file.js:55:10)
    at Config.writeProjectFile (C:\Users\Az\AppData\Roaming\npm\node_modules\firebase-tools\lib\config.js:160:12)
    at Config.askWriteProjectFile (C:\Users\Az\AppData\Roaming\npm\node_modules\firebase-tools\lib\config.js:208:14)
    at async Object.doSetup (C:\Users\Az\AppData\Roaming\npm\node_modules\firebase-tools\lib\init\features\hosting\index.js:153:13)
    at async init (C:\Users\Az\AppData\Roaming\npm\node_modules\firebase-tools\lib\init\index.js:62:13)
    at async Command.initAction [as actionFn] (C:\Users\Az\AppData\Roaming\npm\node_modules\firebase-tools\lib\commands\init.js:205:5)
[error] 
[error] Error: An unexpected error has occurred.
